<?xml version="1.0" encoding="UTF-8"?>
<!-- Generated by org.testng.reporters.JUnitReportReporter -->
<testsuite hostname="Karthick" failures="0" tests="1" name="tests.CartProductsPageTest" time="1.069" errors="0" timestamp="2024-08-12T17:03:03 IST" skipped="0">
  <testcase classname="tests.CartProductsPageTest" name="cashOnDeliveryTest" time="1.069"/>
  <system-out/>
</testsuite> <!-- tests.CartProductsPageTest -->
