<?xml version="1.0" encoding="UTF-8"?>
<!-- Generated by org.testng.reporters.JUnitReportReporter -->
<testsuite hostname="Karthick" failures="0" tests="1" name="LoginPageTest" time="8.599" errors="0" timestamp="2024-08-10T19:34:00 IST" skipped="0">
  <testcase classname="LoginPageTest" name="loginTest" time="8.599"/>
  <system-out/>
</testsuite> <!-- LoginPageTest -->
