<?xml version="1.0" encoding="UTF-8"?>
<!-- Generated by org.testng.reporters.JUnitReportReporter -->
<testsuite hostname="Karthick" failures="0" tests="1" name="tests.SignupPageTest" time="7.259" errors="0" timestamp="2024-08-13T15:18:50 IST" skipped="0">
  <testcase classname="tests.SignupPageTest" name="signupTest" time="7.259"/>
  <system-out/>
</testsuite> <!-- tests.SignupPageTest -->
