<?xml version="1.0" encoding="UTF-8"?>
<!-- Generated by org.testng.reporters.JUnitReportReporter -->
<testsuite hostname="Karthick" failures="0" tests="1" name="tests.LoginPageTest" time="8.426" errors="0" timestamp="2024-08-20T12:37:08 GMT+05:30" skipped="0">
  <testcase classname="tests.LoginPageTest" name="loginTest" time="8.426"/>
  <system-out/>
</testsuite> <!-- tests.LoginPageTest -->
