<?xml version="1.0" encoding="UTF-8"?>
<!-- Generated by org.testng.reporters.JUnitReportReporter -->
<testsuite hostname="Karthick" failures="0" tests="1" name="tests.ProductBuyTest" time="22.485" errors="0" timestamp="2024-08-13T15:18:50 IST" skipped="0">
  <testcase classname="tests.ProductBuyTest" name="addProductTest" time="22.485"/>
  <system-out/>
</testsuite> <!-- tests.ProductBuyTest -->
