<?xml version="1.0" encoding="UTF-8"?>
<!-- Generated by org.testng.reporters.JUnitReportReporter -->
<testsuite hostname="Karthick" failures="0" tests="1" name="tests.CashoutPageTest" time="9.496" errors="0" timestamp="2024-08-12T17:03:03 IST" skipped="0">
  <testcase classname="tests.CashoutPageTest" name="cashOnDeliveryTest" time="9.496"/>
  <system-out/>
</testsuite> <!-- tests.CashoutPageTest -->
