<?xml version="1.0" encoding="UTF-8"?>
<!-- Generated by org.testng.reporters.JUnitReportReporter -->
<testsuite hostname="Karthick" failures="0" tests="1" name="LoginPageTest" time="9.434" errors="0" timestamp="2024-08-11T08:53:30 IST" skipped="0">
  <testcase classname="LoginPageTest" name="loginTest" time="9.434"/>
  <system-out/>
</testsuite> <!-- LoginPageTest -->
