<?xml version="1.0" encoding="UTF-8"?>
<!-- Generated by org.testng.reporters.JUnitReportReporter -->
<testsuite hostname="Karthick" failures="0" tests="1" name="tests.CashoutPageTest" time="7.310" errors="0" timestamp="2024-08-12T16:47:03 IST" skipped="0">
  <testcase classname="tests.CashoutPageTest" name="cashOnDeliveryTest" time="7.310"/>
  <system-out/>
</testsuite> <!-- tests.CashoutPageTest -->
