<?xml version="1.0" encoding="UTF-8"?>
<!-- Generated by org.testng.reporters.JUnitReportReporter -->
<testsuite hostname="Karthick" failures="0" tests="1" name="tests.ProductBuyTest" time="21.052" errors="0" timestamp="2024-08-20T12:37:08 GMT+05:30" skipped="0">
  <testcase classname="tests.ProductBuyTest" name="addProductTest" time="21.052"/>
  <system-out/>
</testsuite> <!-- tests.ProductBuyTest -->
