<?xml version="1.0" encoding="UTF-8"?>
<!-- Generated by org.testng.reporters.JUnitReportReporter -->
<testsuite hostname="Karthick" failures="0" tests="1" name="SignupPageTest" time="12.679" errors="0" timestamp="2024-08-11T13:45:56 IST" skipped="0">
  <testcase classname="SignupPageTest" name="signupTest" time="12.679"/>
  <system-out/>
</testsuite> <!-- SignupPageTest -->
