<?xml version="1.0" encoding="UTF-8"?>
<!-- Generated by org.testng.reporters.JUnitReportReporter -->
<testsuite hostname="Karthick" failures="0" tests="1" name="tests.CartProductsPageTest" time="0.199" errors="0" timestamp="2024-08-12T16:22:16 IST" skipped="0">
  <testcase classname="tests.CartProductsPageTest" name="cashOnDeliveryTest" time="0.199"/>
  <system-out/>
</testsuite> <!-- tests.CartProductsPageTest -->
