<?xml version="1.0" encoding="UTF-8"?>
<!-- Generated by org.testng.reporters.JUnitReportReporter -->
<testsuite hostname="Karthick" failures="0" tests="1" name="tests.HomePageTest" time="7.912" errors="0" timestamp="2024-08-12T20:41:39 IST" skipped="0">
  <testcase classname="tests.HomePageTest" name="addProductTest" time="7.912"/>
  <system-out/>
</testsuite> <!-- tests.HomePageTest -->
